2022-08-25 14:21:22,539 [Worker-3: Loading available Gradle versions] INFO  o.e.b.c.i.u.g.PublishedGradleVersions - Gradle version information cache is up-to-date. Trying to read.
2022-08-25 14:24:12,060 [Worker-4: Importing Maven projects] INFO  o.e.m.c.i.l.LifecycleMappingFactory - Using org.eclipse.m2e.jdt.JarLifecycleMapping lifecycle mapping for MavenProject: sia:tacocloud-ui:0.0.7-SNAPSHOT @ C:\Users\Hassan\Desktop\Spring_Core\Material\spring-in-action-6-samples-main\ch07\tacocloud-ui\pom.xml.
2022-08-25 14:24:12,256 [Worker-4: Importing Maven projects] INFO  o.e.m.c.i.l.LifecycleMappingFactory - Using org.eclipse.m2e.jdt.JarLifecycleMapping lifecycle mapping for MavenProject: sia:tacocloud-security:0.0.7-SNAPSHOT @ C:\Users\Hassan\Desktop\Spring_Core\Material\spring-in-action-6-samples-main\ch07\tacocloud-security\pom.xml.
2022-08-25 14:24:12,814 [Worker-4: Importing Maven projects] INFO  o.e.m.c.i.p.WorkspaceClassifierResolverManager - Resolving P/tacocloud-data: sia:tacocloud-data:0.0.7-SNAPSHOT with classifier  to /tacocloud-data/target/classes
2022-08-25 14:24:12,822 [Worker-4: Importing Maven projects] INFO  o.e.m.c.i.p.WorkspaceClassifierResolverManager - Resolving P/tacocloud-domain: sia:tacocloud-domain:0.0.7-SNAPSHOT with classifier  to /tacocloud-domain/target/classes
2022-08-25 14:24:12,838 [Worker-4: Importing Maven projects] INFO  o.e.m.c.i.l.LifecycleMappingFactory - Using NULL lifecycle mapping for MavenProject: sia:taco-cloud-parent:0.0.7-SNAPSHOT @ C:\Users\Hassan\Desktop\Spring_Core\Material\spring-in-action-6-samples-main\ch07\pom.xml.
2022-08-25 14:24:12,886 [Worker-4: Importing Maven projects] INFO  o.e.m.c.i.l.LifecycleMappingFactory - Using org.eclipse.m2e.jdt.JarLifecycleMapping lifecycle mapping for MavenProject: sia:tacocloud:0.0.7-SNAPSHOT @ C:\Users\Hassan\Desktop\Spring_Core\Material\spring-in-action-6-samples-main\ch07\tacocloud\pom.xml.
2022-08-25 14:24:13,340 [Worker-4: Importing Maven projects] INFO  o.e.m.c.i.p.WorkspaceClassifierResolverManager - Resolving P/tacocloud-data: sia:tacocloud-data:0.0.7-SNAPSHOT with classifier  to /tacocloud-data/target/classes
2022-08-25 14:24:13,348 [Worker-4: Importing Maven projects] INFO  o.e.m.c.i.p.WorkspaceClassifierResolverManager - Resolving P/tacocloud-domain: sia:tacocloud-domain:0.0.7-SNAPSHOT with classifier  to /tacocloud-domain/target/classes
2022-08-25 14:24:13,349 [Worker-4: Importing Maven projects] INFO  o.e.m.c.i.p.WorkspaceClassifierResolverManager - Resolving P/tacocloud-security: sia:tacocloud-security:0.0.7-SNAPSHOT with classifier  to /tacocloud-security/target/classes
2022-08-25 14:24:13,349 [Worker-4: Importing Maven projects] INFO  o.e.m.c.i.p.WorkspaceClassifierResolverManager - Resolving P/tacocloud-api: sia:tacocloud-api:0.0.7-SNAPSHOT with classifier  to /tacocloud-api/target/classes
2022-08-25 14:24:13,350 [Worker-4: Importing Maven projects] INFO  o.e.m.c.i.p.WorkspaceClassifierResolverManager - Resolving P/tacocloud-ui: sia:tacocloud-ui:0.0.7-SNAPSHOT with classifier  to /tacocloud-ui/target/classes
2022-08-25 14:24:13,409 [Worker-4: Importing Maven projects] INFO  o.e.m.c.i.l.LifecycleMappingFactory - Using org.eclipse.m2e.jdt.JarLifecycleMapping lifecycle mapping for MavenProject: sia:tacocloud-web:0.0.7-SNAPSHOT @ C:\Users\Hassan\Desktop\Spring_Core\Material\spring-in-action-6-samples-main\ch07\tacocloud-web\pom.xml.
2022-08-25 14:24:13,590 [Worker-4: Importing Maven projects] INFO  o.e.m.c.i.p.WorkspaceClassifierResolverManager - Resolving P/tacocloud-data: sia:tacocloud-data:0.0.7-SNAPSHOT with classifier  to /tacocloud-data/target/classes
2022-08-25 14:24:13,595 [Worker-4: Importing Maven projects] INFO  o.e.m.c.i.p.WorkspaceClassifierResolverManager - Resolving P/tacocloud-domain: sia:tacocloud-domain:0.0.7-SNAPSHOT with classifier  to /tacocloud-domain/target/classes
2022-08-25 14:24:13,660 [Worker-4: Importing Maven projects] INFO  o.e.m.c.i.l.LifecycleMappingFactory - Using org.eclipse.m2e.jdt.JarLifecycleMapping lifecycle mapping for MavenProject: sia:tacocloud-api:0.0.7-SNAPSHOT @ C:\Users\Hassan\Desktop\Spring_Core\Material\spring-in-action-6-samples-main\ch07\tacocloud-api\pom.xml.
2022-08-25 14:24:13,667 [Worker-4: Importing Maven projects] INFO  o.e.m.c.i.p.WorkspaceClassifierResolverManager - Resolving P/tacocloud-data: sia:tacocloud-data:0.0.7-SNAPSHOT with classifier  to /tacocloud-data/target/classes
2022-08-25 14:24:13,671 [Worker-4: Importing Maven projects] INFO  o.e.m.c.i.p.WorkspaceClassifierResolverManager - Resolving P/tacocloud-domain: sia:tacocloud-domain:0.0.7-SNAPSHOT with classifier  to /tacocloud-domain/target/classes
2022-08-25 14:24:13,672 [Worker-4: Importing Maven projects] INFO  o.e.m.c.i.p.WorkspaceClassifierResolverManager - Resolving P/tacocloud-security: sia:tacocloud-security:0.0.7-SNAPSHOT with classifier  to /tacocloud-security/target/classes
2022-08-25 14:24:13,714 [Worker-4: Importing Maven projects] INFO  o.e.m.c.i.l.LifecycleMappingFactory - Using org.eclipse.m2e.jdt.JarLifecycleMapping lifecycle mapping for MavenProject: sia:tacocloud-domain:0.0.7-SNAPSHOT @ C:\Users\Hassan\Desktop\Spring_Core\Material\spring-in-action-6-samples-main\ch07\tacocloud-domain\pom.xml.
2022-08-25 14:24:13,773 [Worker-4: Importing Maven projects] INFO  o.e.m.c.i.l.LifecycleMappingFactory - Using org.eclipse.m2e.jdt.JarLifecycleMapping lifecycle mapping for MavenProject: sia:tacocloud-restclient:0.0.7-SNAPSHOT @ C:\Users\Hassan\Desktop\Spring_Core\Material\spring-in-action-6-samples-main\ch07\tacocloud-restclient\pom.xml.
2022-08-25 14:24:13,780 [Worker-4: Importing Maven projects] INFO  o.e.m.c.i.p.WorkspaceClassifierResolverManager - Resolving P/tacocloud-domain: sia:tacocloud-domain:0.0.7-SNAPSHOT with classifier  to /tacocloud-domain/target/classes
2022-08-25 14:24:13,825 [Worker-4: Importing Maven projects] INFO  o.e.m.c.i.l.LifecycleMappingFactory - Using org.eclipse.m2e.jdt.JarLifecycleMapping lifecycle mapping for MavenProject: sia:tacocloud-data:0.0.7-SNAPSHOT @ C:\Users\Hassan\Desktop\Spring_Core\Material\spring-in-action-6-samples-main\ch07\tacocloud-data\pom.xml.
2022-08-25 14:24:13,833 [Worker-4: Importing Maven projects] INFO  o.e.m.c.i.p.WorkspaceClassifierResolverManager - Resolving P/tacocloud-domain: sia:tacocloud-domain:0.0.7-SNAPSHOT with classifier  to /tacocloud-domain/target/classes
2022-08-25 14:24:13,919 [Worker-4: Importing Maven projects] INFO  o.e.m.c.i.l.LifecycleMappingFactory - Using org.eclipse.m2e.jdt.JarLifecycleMapping lifecycle mapping for MavenProject: sia:tacocloud-ui:0.0.7-SNAPSHOT @ C:\Users\Hassan\Desktop\Spring_Core\Material\spring-in-action-6-samples-main\ch07\tacocloud-ui\pom.xml.
2022-08-25 14:24:13,951 [Worker-4: Importing Maven projects] INFO  o.e.m.c.i.l.LifecycleMappingFactory - Using org.eclipse.m2e.jdt.JarLifecycleMapping lifecycle mapping for MavenProject: sia:tacocloud-security:0.0.7-SNAPSHOT @ C:\Users\Hassan\Desktop\Spring_Core\Material\spring-in-action-6-samples-main\ch07\tacocloud-security\pom.xml.
2022-08-25 14:24:13,959 [Worker-4: Importing Maven projects] INFO  o.e.m.c.i.p.WorkspaceClassifierResolverManager - Resolving P/tacocloud-data: sia:tacocloud-data:0.0.7-SNAPSHOT with classifier  to /tacocloud-data/target/classes
2022-08-25 14:24:13,965 [Worker-4: Importing Maven projects] INFO  o.e.m.c.i.p.WorkspaceClassifierResolverManager - Resolving P/tacocloud-domain: sia:tacocloud-domain:0.0.7-SNAPSHOT with classifier  to /tacocloud-domain/target/classes
2022-08-25 14:24:14,000 [Worker-4: Importing Maven projects] INFO  o.e.m.c.i.l.LifecycleMappingFactory - Using org.eclipse.m2e.jdt.JarLifecycleMapping lifecycle mapping for MavenProject: sia:tacocloud:0.0.7-SNAPSHOT @ C:\Users\Hassan\Desktop\Spring_Core\Material\spring-in-action-6-samples-main\ch07\tacocloud\pom.xml.
2022-08-25 14:24:14,012 [Worker-4: Importing Maven projects] INFO  o.e.m.c.i.p.WorkspaceClassifierResolverManager - Resolving P/tacocloud-data: sia:tacocloud-data:0.0.7-SNAPSHOT with classifier  to /tacocloud-data/target/classes
2022-08-25 14:24:14,019 [Worker-4: Importing Maven projects] INFO  o.e.m.c.i.p.WorkspaceClassifierResolverManager - Resolving P/tacocloud-domain: sia:tacocloud-domain:0.0.7-SNAPSHOT with classifier  to /tacocloud-domain/target/classes
2022-08-25 14:24:14,020 [Worker-4: Importing Maven projects] INFO  o.e.m.c.i.p.WorkspaceClassifierResolverManager - Resolving P/tacocloud-security: sia:tacocloud-security:0.0.7-SNAPSHOT with classifier  to /tacocloud-security/target/classes
2022-08-25 14:24:14,021 [Worker-4: Importing Maven projects] INFO  o.e.m.c.i.p.WorkspaceClassifierResolverManager - Resolving P/tacocloud-api: sia:tacocloud-api:0.0.7-SNAPSHOT with classifier  to /tacocloud-api/target/classes
2022-08-25 14:24:14,022 [Worker-4: Importing Maven projects] INFO  o.e.m.c.i.p.WorkspaceClassifierResolverManager - Resolving P/tacocloud-ui: sia:tacocloud-ui:0.0.7-SNAPSHOT with classifier  to /tacocloud-ui/target/classes
2022-08-25 14:24:14,066 [Worker-4: Importing Maven projects] INFO  o.e.m.c.i.l.LifecycleMappingFactory - Using org.eclipse.m2e.jdt.JarLifecycleMapping lifecycle mapping for MavenProject: sia:tacocloud-web:0.0.7-SNAPSHOT @ C:\Users\Hassan\Desktop\Spring_Core\Material\spring-in-action-6-samples-main\ch07\tacocloud-web\pom.xml.
2022-08-25 14:24:14,078 [Worker-4: Importing Maven projects] INFO  o.e.m.c.i.p.WorkspaceClassifierResolverManager - Resolving P/tacocloud-data: sia:tacocloud-data:0.0.7-SNAPSHOT with classifier  to /tacocloud-data/target/classes
2022-08-25 14:24:14,083 [Worker-4: Importing Maven projects] INFO  o.e.m.c.i.p.WorkspaceClassifierResolverManager - Resolving P/tacocloud-domain: sia:tacocloud-domain:0.0.7-SNAPSHOT with classifier  to /tacocloud-domain/target/classes
2022-08-25 14:24:14,128 [Worker-4: Importing Maven projects] INFO  o.e.m.c.i.l.LifecycleMappingFactory - Using org.eclipse.m2e.jdt.JarLifecycleMapping lifecycle mapping for MavenProject: sia:tacocloud-api:0.0.7-SNAPSHOT @ C:\Users\Hassan\Desktop\Spring_Core\Material\spring-in-action-6-samples-main\ch07\tacocloud-api\pom.xml.
2022-08-25 14:24:14,135 [Worker-4: Importing Maven projects] INFO  o.e.m.c.i.p.WorkspaceClassifierResolverManager - Resolving P/tacocloud-data: sia:tacocloud-data:0.0.7-SNAPSHOT with classifier  to /tacocloud-data/target/classes
2022-08-25 14:24:14,140 [Worker-4: Importing Maven projects] INFO  o.e.m.c.i.p.WorkspaceClassifierResolverManager - Resolving P/tacocloud-domain: sia:tacocloud-domain:0.0.7-SNAPSHOT with classifier  to /tacocloud-domain/target/classes
2022-08-25 14:24:14,142 [Worker-4: Importing Maven projects] INFO  o.e.m.c.i.p.WorkspaceClassifierResolverManager - Resolving P/tacocloud-security: sia:tacocloud-security:0.0.7-SNAPSHOT with classifier  to /tacocloud-security/target/classes
2022-08-25 14:24:14,183 [Worker-4: Importing Maven projects] INFO  o.e.m.c.i.l.LifecycleMappingFactory - Using org.eclipse.m2e.jdt.JarLifecycleMapping lifecycle mapping for MavenProject: sia:tacocloud:0.0.7-SNAPSHOT @ C:\Users\Hassan\Desktop\Spring_Core\Material\spring-in-action-6-samples-main\ch07\tacocloud\pom.xml.
2022-08-25 14:24:14,193 [Worker-4: Importing Maven projects] INFO  o.e.m.c.i.p.WorkspaceClassifierResolverManager - Resolving P/tacocloud-data: sia:tacocloud-data:0.0.7-SNAPSHOT with classifier  to /tacocloud-data/target/classes
2022-08-25 14:24:14,200 [Worker-4: Importing Maven projects] INFO  o.e.m.c.i.p.WorkspaceClassifierResolverManager - Resolving P/tacocloud-domain: sia:tacocloud-domain:0.0.7-SNAPSHOT with classifier  to /tacocloud-domain/target/classes
2022-08-25 14:24:14,201 [Worker-4: Importing Maven projects] INFO  o.e.m.c.i.p.WorkspaceClassifierResolverManager - Resolving P/tacocloud-security: sia:tacocloud-security:0.0.7-SNAPSHOT with classifier  to /tacocloud-security/target/classes
2022-08-25 14:24:14,201 [Worker-4: Importing Maven projects] INFO  o.e.m.c.i.p.WorkspaceClassifierResolverManager - Resolving P/tacocloud-api: sia:tacocloud-api:0.0.7-SNAPSHOT with classifier  to /tacocloud-api/target/classes
2022-08-25 14:24:14,202 [Worker-4: Importing Maven projects] INFO  o.e.m.c.i.p.WorkspaceClassifierResolverManager - Resolving P/tacocloud-ui: sia:tacocloud-ui:0.0.7-SNAPSHOT with classifier  to /tacocloud-ui/target/classes
2022-08-25 14:24:17,707 [Worker-4: Importing Maven projects] INFO  o.e.m.j.i.AbstractJavaProjectConfigurator - Adding source folder /tacocloud-domain/src/main/java
2022-08-25 14:24:17,709 [Worker-4: Importing Maven projects] INFO  o.e.m.j.i.AbstractJavaProjectConfigurator - Adding source folder /tacocloud-domain/src/test/java
2022-08-25 14:24:17,953 [Worker-4: Importing Maven projects] INFO  o.e.m.j.i.AbstractJavaProjectConfigurator - Adding source folder /tacocloud-data/src/main/java
2022-08-25 14:24:17,953 [Worker-4: Importing Maven projects] INFO  o.e.m.j.i.AbstractJavaProjectConfigurator - Adding source folder /tacocloud-data/src/test/java
2022-08-25 14:24:18,153 [Worker-4: Importing Maven projects] INFO  o.e.m.j.i.AbstractJavaProjectConfigurator - Adding source folder /tacocloud-web/src/main/java
2022-08-25 14:24:18,154 [Worker-4: Importing Maven projects] INFO  o.e.m.j.i.AbstractJavaProjectConfigurator - Adding resource folder /tacocloud-web/src/main/resources
2022-08-25 14:24:18,154 [Worker-4: Importing Maven projects] INFO  o.e.m.j.i.AbstractJavaProjectConfigurator - Adding resource folder /tacocloud-web/src/main/resources
2022-08-25 14:24:18,155 [Worker-4: Importing Maven projects] INFO  o.e.m.j.i.AbstractJavaProjectConfigurator - Adding source folder /tacocloud-web/src/test/java
2022-08-25 14:24:18,763 [Worker-4: Importing Maven projects] INFO  o.e.m.j.i.AbstractJavaProjectConfigurator - Adding source folder /tacocloud-restclient/src/main/java
2022-08-25 14:24:18,764 [Worker-4: Importing Maven projects] INFO  o.e.m.j.i.AbstractJavaProjectConfigurator - Adding resource folder /tacocloud-restclient/src/main/resources
2022-08-25 14:24:18,765 [Worker-4: Importing Maven projects] INFO  o.e.m.j.i.AbstractJavaProjectConfigurator - Adding resource folder /tacocloud-restclient/src/main/resources
2022-08-25 14:24:18,765 [Worker-4: Importing Maven projects] INFO  o.e.m.j.i.AbstractJavaProjectConfigurator - Adding source folder /tacocloud-restclient/src/test/java
2022-08-25 14:24:19,040 [Worker-4: Importing Maven projects] INFO  o.e.m.j.i.AbstractJavaProjectConfigurator - Adding source folder /tacocloud-security/src/main/java
2022-08-25 14:24:19,040 [Worker-4: Importing Maven projects] INFO  o.e.m.j.i.AbstractJavaProjectConfigurator - Adding source folder /tacocloud-security/src/test/java
2022-08-25 14:24:19,337 [Worker-4: Importing Maven projects] INFO  o.e.m.j.i.AbstractJavaProjectConfigurator - Adding source folder /tacocloud-api/src/main/java
2022-08-25 14:24:19,337 [Worker-4: Importing Maven projects] INFO  o.e.m.j.i.AbstractJavaProjectConfigurator - Adding source folder /tacocloud-api/src/test/java
2022-08-25 14:24:20,420 [Worker-4: Importing Maven projects] INFO  c.g.e.m.p.f.lib.NodeInstaller - Node v6.9.1 is already installed.
2022-08-25 14:24:20,424 [Worker-4: Importing Maven projects] INFO  o.e.m.j.i.AbstractJavaProjectConfigurator - Adding source folder /tacocloud-ui/src/main/java
2022-08-25 14:24:20,425 [Worker-4: Importing Maven projects] INFO  o.e.m.j.i.AbstractJavaProjectConfigurator - Adding source folder /tacocloud-ui/src/test/java
2022-08-25 14:24:20,491 [Worker-4: Importing Maven projects] INFO  o.e.m.j.i.AbstractJavaProjectConfigurator - Adding source folder /tacocloud/src/main/java
2022-08-25 14:24:20,492 [Worker-4: Importing Maven projects] INFO  o.e.m.j.i.AbstractJavaProjectConfigurator - Adding resource folder /tacocloud/src/main/resources
2022-08-25 14:24:20,492 [Worker-4: Importing Maven projects] INFO  o.e.m.j.i.AbstractJavaProjectConfigurator - Adding resource folder /tacocloud/src/main/resources
2022-08-25 14:24:20,492 [Worker-4: Importing Maven projects] INFO  o.e.m.j.i.AbstractJavaProjectConfigurator - Adding source folder /tacocloud/src/test/java
2022-08-25 14:24:20,782 [Worker-4: Importing Maven projects] INFO  o.e.m.c.i.p.ProjectConfigurationManager - Imported and configured 9 project(s) in 12 sec
2022-08-25 14:24:22,815 [Worker-11: Building] INFO  o.e.m.c.i.embedder.EclipseLogger - Using 'UTF-8' encoding to copy filtered resources.
2022-08-25 14:24:22,815 [Worker-11: Building] INFO  o.e.m.c.i.embedder.EclipseLogger - Using 'UTF-8' encoding to copy filtered properties files.
2022-08-25 14:24:22,815 [Worker-11: Building] INFO  o.e.m.c.i.embedder.EclipseLogger - skip non existing resourceDirectory C:\Users\Hassan\Desktop\Spring_Core\Material\spring-in-action-6-samples-main\ch07\tacocloud-domain\src\main\resources
2022-08-25 14:24:22,816 [Worker-11: Building] INFO  o.e.m.c.i.embedder.EclipseLogger - skip non existing resourceDirectory C:\Users\Hassan\Desktop\Spring_Core\Material\spring-in-action-6-samples-main\ch07\tacocloud-domain\src\main\resources
2022-08-25 14:24:22,818 [Worker-11: Building] INFO  o.e.m.c.i.embedder.EclipseLogger - Using 'UTF-8' encoding to copy filtered resources.
2022-08-25 14:24:22,819 [Worker-11: Building] INFO  o.e.m.c.i.embedder.EclipseLogger - Using 'UTF-8' encoding to copy filtered properties files.
2022-08-25 14:24:22,819 [Worker-11: Building] INFO  o.e.m.c.i.embedder.EclipseLogger - skip non existing resourceDirectory C:\Users\Hassan\Desktop\Spring_Core\Material\spring-in-action-6-samples-main\ch07\tacocloud-domain\src\test\resources
2022-08-25 14:24:23,359 [Worker-11: Building] INFO  o.e.m.c.i.p.WorkspaceClassifierResolverManager - Resolving P/tacocloud-domain: sia:tacocloud-domain:0.0.7-SNAPSHOT with classifier  to /tacocloud-domain/target/classes
2022-08-25 14:24:23,384 [Worker-11: Building] INFO  o.e.m.c.i.embedder.EclipseLogger - Using 'UTF-8' encoding to copy filtered resources.
2022-08-25 14:24:23,384 [Worker-11: Building] INFO  o.e.m.c.i.embedder.EclipseLogger - Using 'UTF-8' encoding to copy filtered properties files.
2022-08-25 14:24:23,384 [Worker-11: Building] INFO  o.e.m.c.i.embedder.EclipseLogger - skip non existing resourceDirectory C:\Users\Hassan\Desktop\Spring_Core\Material\spring-in-action-6-samples-main\ch07\tacocloud-data\src\main\resources
2022-08-25 14:24:23,384 [Worker-11: Building] INFO  o.e.m.c.i.embedder.EclipseLogger - skip non existing resourceDirectory C:\Users\Hassan\Desktop\Spring_Core\Material\spring-in-action-6-samples-main\ch07\tacocloud-data\src\main\resources
2022-08-25 14:24:23,386 [Worker-11: Building] INFO  o.e.m.c.i.embedder.EclipseLogger - Using 'UTF-8' encoding to copy filtered resources.
2022-08-25 14:24:23,387 [Worker-11: Building] INFO  o.e.m.c.i.embedder.EclipseLogger - Using 'UTF-8' encoding to copy filtered properties files.
2022-08-25 14:24:23,387 [Worker-11: Building] INFO  o.e.m.c.i.embedder.EclipseLogger - skip non existing resourceDirectory C:\Users\Hassan\Desktop\Spring_Core\Material\spring-in-action-6-samples-main\ch07\tacocloud-data\src\test\resources
2022-08-25 14:24:23,861 [Worker-11: Building] INFO  o.e.m.c.i.p.WorkspaceClassifierResolverManager - Resolving P/tacocloud-domain: sia:tacocloud-domain:0.0.7-SNAPSHOT with classifier  to /tacocloud-domain/target/classes
2022-08-25 14:24:23,879 [Worker-11: Building] INFO  o.e.m.c.i.embedder.EclipseLogger - Using 'UTF-8' encoding to copy filtered resources.
2022-08-25 14:24:23,881 [Worker-11: Building] INFO  o.e.m.c.i.embedder.EclipseLogger - Using 'UTF-8' encoding to copy filtered properties files.
2022-08-25 14:24:23,884 [Worker-11: Building] INFO  o.e.m.c.i.embedder.EclipseLogger - Copying 1 resource
2022-08-25 14:24:23,907 [Worker-11: Building] INFO  o.e.m.c.i.embedder.EclipseLogger - Copying 16 resources
2022-08-25 14:24:24,073 [Worker-11: Building] INFO  o.e.m.c.i.embedder.EclipseLogger - Using 'UTF-8' encoding to copy filtered resources.
2022-08-25 14:24:24,074 [Worker-11: Building] INFO  o.e.m.c.i.embedder.EclipseLogger - Using 'UTF-8' encoding to copy filtered properties files.
2022-08-25 14:24:24,074 [Worker-11: Building] INFO  o.e.m.c.i.embedder.EclipseLogger - skip non existing resourceDirectory C:\Users\Hassan\Desktop\Spring_Core\Material\spring-in-action-6-samples-main\ch07\tacocloud-restclient\src\test\resources
2022-08-25 14:24:24,688 [Worker-11: Building] INFO  o.e.m.c.i.p.WorkspaceClassifierResolverManager - Resolving P/tacocloud-data: sia:tacocloud-data:0.0.7-SNAPSHOT with classifier  to /tacocloud-data/target/classes
2022-08-25 14:24:24,695 [Worker-11: Building] INFO  o.e.m.c.i.p.WorkspaceClassifierResolverManager - Resolving P/tacocloud-domain: sia:tacocloud-domain:0.0.7-SNAPSHOT with classifier  to /tacocloud-domain/target/classes
2022-08-25 14:24:24,707 [Worker-11: Building] INFO  o.e.m.c.i.embedder.EclipseLogger - Using 'UTF-8' encoding to copy filtered resources.
2022-08-25 14:24:24,707 [Worker-11: Building] INFO  o.e.m.c.i.embedder.EclipseLogger - Using 'UTF-8' encoding to copy filtered properties files.
2022-08-25 14:24:24,707 [Worker-11: Building] INFO  o.e.m.c.i.embedder.EclipseLogger - skip non existing resourceDirectory C:\Users\Hassan\Desktop\Spring_Core\Material\spring-in-action-6-samples-main\ch07\tacocloud-security\src\main\resources
2022-08-25 14:24:24,707 [Worker-11: Building] INFO  o.e.m.c.i.embedder.EclipseLogger - skip non existing resourceDirectory C:\Users\Hassan\Desktop\Spring_Core\Material\spring-in-action-6-samples-main\ch07\tacocloud-security\src\main\resources
2022-08-25 14:24:24,710 [Worker-11: Building] INFO  o.e.m.c.i.embedder.EclipseLogger - Using 'UTF-8' encoding to copy filtered resources.
2022-08-25 14:24:24,710 [Worker-11: Building] INFO  o.e.m.c.i.embedder.EclipseLogger - Using 'UTF-8' encoding to copy filtered properties files.
2022-08-25 14:24:24,710 [Worker-11: Building] INFO  o.e.m.c.i.embedder.EclipseLogger - skip non existing resourceDirectory C:\Users\Hassan\Desktop\Spring_Core\Material\spring-in-action-6-samples-main\ch07\tacocloud-security\src\test\resources
2022-08-25 14:24:25,120 [Worker-11: Building] INFO  o.e.m.c.i.p.WorkspaceClassifierResolverManager - Resolving P/tacocloud-data: sia:tacocloud-data:0.0.7-SNAPSHOT with classifier  to /tacocloud-data/target/classes
2022-08-25 14:24:25,124 [Worker-11: Building] INFO  o.e.m.c.i.p.WorkspaceClassifierResolverManager - Resolving P/tacocloud-domain: sia:tacocloud-domain:0.0.7-SNAPSHOT with classifier  to /tacocloud-domain/target/classes
2022-08-25 14:24:25,124 [Worker-11: Building] INFO  o.e.m.c.i.p.WorkspaceClassifierResolverManager - Resolving P/tacocloud-security: sia:tacocloud-security:0.0.7-SNAPSHOT with classifier  to /tacocloud-security/target/classes
2022-08-25 14:24:25,134 [Worker-11: Building] INFO  o.e.m.c.i.embedder.EclipseLogger - Using 'UTF-8' encoding to copy filtered resources.
2022-08-25 14:24:25,134 [Worker-11: Building] INFO  o.e.m.c.i.embedder.EclipseLogger - Using 'UTF-8' encoding to copy filtered properties files.
2022-08-25 14:24:25,134 [Worker-11: Building] INFO  o.e.m.c.i.embedder.EclipseLogger - skip non existing resourceDirectory C:\Users\Hassan\Desktop\Spring_Core\Material\spring-in-action-6-samples-main\ch07\tacocloud-api\src\main\resources
2022-08-25 14:24:25,134 [Worker-11: Building] INFO  o.e.m.c.i.embedder.EclipseLogger - skip non existing resourceDirectory C:\Users\Hassan\Desktop\Spring_Core\Material\spring-in-action-6-samples-main\ch07\tacocloud-api\src\main\resources
2022-08-25 14:24:25,135 [Worker-11: Building] INFO  o.e.m.c.i.embedder.EclipseLogger - Using 'UTF-8' encoding to copy filtered resources.
2022-08-25 14:24:25,135 [Worker-11: Building] INFO  o.e.m.c.i.embedder.EclipseLogger - Using 'UTF-8' encoding to copy filtered properties files.
2022-08-25 14:24:25,135 [Worker-11: Building] INFO  o.e.m.c.i.embedder.EclipseLogger - skip non existing resourceDirectory C:\Users\Hassan\Desktop\Spring_Core\Material\spring-in-action-6-samples-main\ch07\tacocloud-api\src\test\resources
2022-08-25 14:24:25,425 [Worker-11: Building] INFO  c.g.e.m.p.f.lib.NodeInstaller - Node v6.9.1 is already installed.
2022-08-25 14:24:25,431 [Worker-11: Building] INFO  c.g.e.m.p.f.lib.DefaultNpmRunner - Running 'npm install' in C:\Users\Hassan\Desktop\Spring_Core\Material\spring-in-action-6-samples-main\ch07\tacocloud-ui
2022-08-25 14:25:45,983 [Exec Stream Pumper] ERROR c.g.e.m.p.f.lib.DefaultNpmRunner - npm ERR! Windows_NT 10.0.22000
2022-08-25 14:25:45,985 [Exec Stream Pumper] ERROR c.g.e.m.p.f.lib.DefaultNpmRunner - npm ERR! argv "C:\\Users\\Hassan\\Desktop\\Spring_Core\\Material\\spring-in-action-6-samples-main\\ch07\\tacocloud-ui\\node\\node.exe" "C:\\Users\\Hassan\\Desktop\\Spring_Core\\Material\\spring-in-action-6-samples-main\\ch07\\tacocloud-ui\\node\\node_modules\\npm\\bin\\npm-cli.js" "install"
2022-08-25 14:25:45,986 [Exec Stream Pumper] ERROR c.g.e.m.p.f.lib.DefaultNpmRunner - npm ERR! node v6.9.1
2022-08-25 14:25:45,987 [Exec Stream Pumper] ERROR c.g.e.m.p.f.lib.DefaultNpmRunner - npm ERR! npm  v3.10.8
2022-08-25 14:25:45,987 [Exec Stream Pumper] ERROR c.g.e.m.p.f.lib.DefaultNpmRunner - npm ERR! code EPROTO
2022-08-25 14:25:45,987 [Exec Stream Pumper] ERROR c.g.e.m.p.f.lib.DefaultNpmRunner - npm ERR! errno EPROTO
2022-08-25 14:25:45,988 [Exec Stream Pumper] ERROR c.g.e.m.p.f.lib.DefaultNpmRunner - npm ERR! syscall write
2022-08-25 14:25:45,988 [Exec Stream Pumper] ERROR c.g.e.m.p.f.lib.DefaultNpmRunner - 
2022-08-25 14:25:45,989 [Exec Stream Pumper] ERROR c.g.e.m.p.f.lib.DefaultNpmRunner - npm ERR! write EPROTO 101057795:error:1408D07B:SSL routines:ssl3_get_key_exchange:bad signature:openssl\ssl\s3_clnt.c:2010:
2022-08-25 14:25:45,990 [Exec Stream Pumper] ERROR c.g.e.m.p.f.lib.DefaultNpmRunner - npm ERR! 
2022-08-25 14:25:45,990 [Exec Stream Pumper] ERROR c.g.e.m.p.f.lib.DefaultNpmRunner - npm ERR! 
2022-08-25 14:25:45,991 [Exec Stream Pumper] ERROR c.g.e.m.p.f.lib.DefaultNpmRunner - npm ERR! If you need help, you may report this error at:
2022-08-25 14:25:45,992 [Exec Stream Pumper] ERROR c.g.e.m.p.f.lib.DefaultNpmRunner - npm ERR!     <https://github.com/npm/npm/issues>
2022-08-25 14:25:45,996 [Exec Stream Pumper] ERROR c.g.e.m.p.f.lib.DefaultNpmRunner - 
2022-08-25 14:25:45,997 [Exec Stream Pumper] ERROR c.g.e.m.p.f.lib.DefaultNpmRunner - npm ERR! Please include the following file with any support request:
2022-08-25 14:25:45,997 [Exec Stream Pumper] ERROR c.g.e.m.p.f.lib.DefaultNpmRunner - npm ERR!     C:\Users\Hassan\Desktop\Spring_Core\Material\spring-in-action-6-samples-main\ch07\tacocloud-ui\npm-debug.log
2022-08-25 14:25:46,006 [Worker-11: Building] INFO  c.g.e.m.p.f.lib.DefaultNpmRunner - Running 'npm run-script build' in C:\Users\Hassan\Desktop\Spring_Core\Material\spring-in-action-6-samples-main\ch07\tacocloud-ui
2022-08-25 14:25:46,861 [Exec Stream Pumper] INFO  c.g.e.m.p.f.lib.DefaultNpmRunner - 
2022-08-25 14:25:46,861 [Exec Stream Pumper] INFO  c.g.e.m.p.f.lib.DefaultNpmRunner - > taco-web-ui@0.0.0 build C:\Users\Hassan\Desktop\Spring_Core\Material\spring-in-action-6-samples-main\ch07\tacocloud-ui
2022-08-25 14:25:46,861 [Exec Stream Pumper] INFO  c.g.e.m.p.f.lib.DefaultNpmRunner - > ng build --dev
2022-08-25 14:25:46,861 [Exec Stream Pumper] INFO  c.g.e.m.p.f.lib.DefaultNpmRunner - 
2022-08-25 14:25:46,896 [Exec Stream Pumper] ERROR c.g.e.m.p.f.lib.DefaultNpmRunner - 'ng' is not recognized as an internal or external command,
2022-08-25 14:25:46,897 [Exec Stream Pumper] ERROR c.g.e.m.p.f.lib.DefaultNpmRunner - operable program or batch file.
2022-08-25 14:25:46,901 [Exec Stream Pumper] ERROR c.g.e.m.p.f.lib.DefaultNpmRunner - 
2022-08-25 14:25:46,906 [Exec Stream Pumper] ERROR c.g.e.m.p.f.lib.DefaultNpmRunner - npm ERR! Windows_NT 10.0.22000
2022-08-25 14:25:46,907 [Exec Stream Pumper] ERROR c.g.e.m.p.f.lib.DefaultNpmRunner - npm ERR! argv "C:\\Users\\Hassan\\Desktop\\Spring_Core\\Material\\spring-in-action-6-samples-main\\ch07\\tacocloud-ui\\node\\node.exe" "C:\\Users\\Hassan\\Desktop\\Spring_Core\\Material\\spring-in-action-6-samples-main\\ch07\\tacocloud-ui\\node\\node_modules\\npm\\bin\\npm-cli.js" "run-script" "build"
2022-08-25 14:25:46,907 [Exec Stream Pumper] ERROR c.g.e.m.p.f.lib.DefaultNpmRunner - npm ERR! node v6.9.1
2022-08-25 14:25:46,908 [Exec Stream Pumper] ERROR c.g.e.m.p.f.lib.DefaultNpmRunner - npm ERR! npm  v3.10.8
2022-08-25 14:25:46,908 [Exec Stream Pumper] ERROR c.g.e.m.p.f.lib.DefaultNpmRunner - npm ERR! code ELIFECYCLE
2022-08-25 14:25:46,909 [Exec Stream Pumper] ERROR c.g.e.m.p.f.lib.DefaultNpmRunner - npm ERR! taco-web-ui@0.0.0 build: `ng build --dev`
2022-08-25 14:25:46,910 [Exec Stream Pumper] ERROR c.g.e.m.p.f.lib.DefaultNpmRunner - npm ERR! Exit status 1
2022-08-25 14:25:46,910 [Exec Stream Pumper] ERROR c.g.e.m.p.f.lib.DefaultNpmRunner - npm ERR! 
2022-08-25 14:25:46,910 [Exec Stream Pumper] ERROR c.g.e.m.p.f.lib.DefaultNpmRunner - npm ERR! Failed at the taco-web-ui@0.0.0 build script 'ng build --dev'.
2022-08-25 14:25:46,911 [Exec Stream Pumper] ERROR c.g.e.m.p.f.lib.DefaultNpmRunner - npm ERR! Make sure you have the latest version of node.js and npm installed.
2022-08-25 14:25:46,912 [Exec Stream Pumper] ERROR c.g.e.m.p.f.lib.DefaultNpmRunner - npm ERR! If you do, this is most likely a problem with the taco-web-ui package,
2022-08-25 14:25:46,913 [Exec Stream Pumper] ERROR c.g.e.m.p.f.lib.DefaultNpmRunner - npm ERR! not with npm itself.
2022-08-25 14:25:46,914 [Exec Stream Pumper] ERROR c.g.e.m.p.f.lib.DefaultNpmRunner - npm ERR! Tell the author that this fails on your system:
2022-08-25 14:25:46,914 [Exec Stream Pumper] ERROR c.g.e.m.p.f.lib.DefaultNpmRunner - npm ERR!     ng build --dev
2022-08-25 14:25:46,914 [Exec Stream Pumper] ERROR c.g.e.m.p.f.lib.DefaultNpmRunner - npm ERR! You can get information on how to open an issue for this project with:
2022-08-25 14:25:46,916 [Exec Stream Pumper] ERROR c.g.e.m.p.f.lib.DefaultNpmRunner - npm ERR!     npm bugs taco-web-ui
2022-08-25 14:25:46,916 [Exec Stream Pumper] ERROR c.g.e.m.p.f.lib.DefaultNpmRunner - npm ERR! Or if that isn't available, you can get their info via:
2022-08-25 14:25:46,916 [Exec Stream Pumper] ERROR c.g.e.m.p.f.lib.DefaultNpmRunner - npm ERR!     npm owner ls taco-web-ui
2022-08-25 14:25:46,917 [Exec Stream Pumper] ERROR c.g.e.m.p.f.lib.DefaultNpmRunner - npm ERR! There is likely additional logging output above.
2022-08-25 14:25:46,917 [Exec Stream Pumper] WARN  c.g.e.m.p.f.lib.DefaultNpmRunner - npm WARN Local package.json exists, but node_modules missing, did you mean to install?
2022-08-25 14:25:46,918 [Exec Stream Pumper] ERROR c.g.e.m.p.f.lib.DefaultNpmRunner - 
2022-08-25 14:25:46,919 [Exec Stream Pumper] ERROR c.g.e.m.p.f.lib.DefaultNpmRunner - npm ERR! Please include the following file with any support request:
2022-08-25 14:25:46,920 [Exec Stream Pumper] ERROR c.g.e.m.p.f.lib.DefaultNpmRunner - npm ERR!     C:\Users\Hassan\Desktop\Spring_Core\Material\spring-in-action-6-samples-main\ch07\tacocloud-ui\npm-debug.log
2022-08-25 14:25:46,924 [Worker-11: Building] INFO  o.e.m.c.i.embedder.EclipseLogger - Using 'UTF-8' encoding to copy filtered resources.
2022-08-25 14:25:46,924 [Worker-11: Building] INFO  o.e.m.c.i.embedder.EclipseLogger - Using 'UTF-8' encoding to copy filtered properties files.
2022-08-25 14:25:46,924 [Worker-11: Building] INFO  o.e.m.c.i.embedder.EclipseLogger - skip non existing resourceDirectory C:\Users\Hassan\Desktop\Spring_Core\Material\spring-in-action-6-samples-main\ch07\tacocloud-ui\dist
2022-08-25 14:25:46,925 [Worker-11: Building] INFO  o.e.m.c.i.embedder.EclipseLogger - Using 'UTF-8' encoding to copy filtered resources.
2022-08-25 14:25:46,925 [Worker-11: Building] INFO  o.e.m.c.i.embedder.EclipseLogger - Using 'UTF-8' encoding to copy filtered properties files.
2022-08-25 14:25:46,925 [Worker-11: Building] INFO  o.e.m.c.i.embedder.EclipseLogger - skip non existing resourceDirectory C:\Users\Hassan\Desktop\Spring_Core\Material\spring-in-action-6-samples-main\ch07\tacocloud-ui\src\test\resources
2022-08-25 14:25:47,530 [Worker-11: Building] INFO  o.e.m.c.i.p.WorkspaceClassifierResolverManager - Resolving P/tacocloud-data: sia:tacocloud-data:0.0.7-SNAPSHOT with classifier  to /tacocloud-data/target/classes
2022-08-25 14:25:47,535 [Worker-11: Building] INFO  o.e.m.c.i.p.WorkspaceClassifierResolverManager - Resolving P/tacocloud-domain: sia:tacocloud-domain:0.0.7-SNAPSHOT with classifier  to /tacocloud-domain/target/classes
2022-08-25 14:25:47,536 [Worker-11: Building] INFO  o.e.m.c.i.p.WorkspaceClassifierResolverManager - Resolving P/tacocloud-security: sia:tacocloud-security:0.0.7-SNAPSHOT with classifier  to /tacocloud-security/target/classes
2022-08-25 14:25:47,536 [Worker-11: Building] INFO  o.e.m.c.i.p.WorkspaceClassifierResolverManager - Resolving P/tacocloud-api: sia:tacocloud-api:0.0.7-SNAPSHOT with classifier  to /tacocloud-api/target/classes
2022-08-25 14:25:47,537 [Worker-11: Building] INFO  o.e.m.c.i.p.WorkspaceClassifierResolverManager - Resolving P/tacocloud-ui: sia:tacocloud-ui:0.0.7-SNAPSHOT with classifier  to /tacocloud-ui/target/classes
2022-08-25 14:25:47,558 [Worker-11: Building] INFO  o.e.m.c.i.embedder.EclipseLogger - Using 'UTF-8' encoding to copy filtered resources.
2022-08-25 14:25:47,558 [Worker-11: Building] INFO  o.e.m.c.i.embedder.EclipseLogger - Using 'UTF-8' encoding to copy filtered properties files.
2022-08-25 14:25:47,558 [Worker-11: Building] INFO  o.e.m.c.i.embedder.EclipseLogger - Copying 1 resource
2022-08-25 14:25:47,566 [Worker-11: Building] INFO  o.e.m.c.i.embedder.EclipseLogger - Copying 0 resource
2022-08-25 14:25:47,568 [Worker-11: Building] INFO  o.e.m.c.i.embedder.EclipseLogger - Using 'UTF-8' encoding to copy filtered resources.
2022-08-25 14:25:47,568 [Worker-11: Building] INFO  o.e.m.c.i.embedder.EclipseLogger - Using 'UTF-8' encoding to copy filtered properties files.
2022-08-25 14:25:47,568 [Worker-11: Building] INFO  o.e.m.c.i.embedder.EclipseLogger - skip non existing resourceDirectory C:\Users\Hassan\Desktop\Spring_Core\Material\spring-in-action-6-samples-main\ch07\tacocloud\src\test\resources
2022-08-25 14:25:48,176 [Worker-11: Building] INFO  o.e.m.c.i.p.WorkspaceClassifierResolverManager - Resolving P/tacocloud-data: sia:tacocloud-data:0.0.7-SNAPSHOT with classifier  to /tacocloud-data/target/classes
2022-08-25 14:25:48,179 [Worker-11: Building] INFO  o.e.m.c.i.p.WorkspaceClassifierResolverManager - Resolving P/tacocloud-domain: sia:tacocloud-domain:0.0.7-SNAPSHOT with classifier  to /tacocloud-domain/target/classes
2022-08-25 14:25:48,194 [Worker-11: Building] INFO  o.e.m.c.i.embedder.EclipseLogger - Using 'UTF-8' encoding to copy filtered resources.
2022-08-25 14:25:48,194 [Worker-11: Building] INFO  o.e.m.c.i.embedder.EclipseLogger - Using 'UTF-8' encoding to copy filtered properties files.
2022-08-25 14:25:48,195 [Worker-11: Building] INFO  o.e.m.c.i.embedder.EclipseLogger - Copying 0 resource
2022-08-25 14:25:48,195 [Worker-11: Building] INFO  o.e.m.c.i.embedder.EclipseLogger - Copying 16 resources
2022-08-25 14:25:48,296 [Worker-11: Building] INFO  o.e.m.c.i.embedder.EclipseLogger - Using 'UTF-8' encoding to copy filtered resources.
2022-08-25 14:25:48,296 [Worker-11: Building] INFO  o.e.m.c.i.embedder.EclipseLogger - Using 'UTF-8' encoding to copy filtered properties files.
2022-08-25 14:25:48,296 [Worker-11: Building] INFO  o.e.m.c.i.embedder.EclipseLogger - skip non existing resourceDirectory C:\Users\Hassan\Desktop\Spring_Core\Material\spring-in-action-6-samples-main\ch07\tacocloud-web\src\test\resources
2022-08-25 14:52:50,143 [Worker-16: Launching tacocloud - TacoCloudApplication] INFO  o.e.m.c.i.p.WorkspaceClassifierResolverManager - Resolving P/tacocloud-data: sia:tacocloud-data:0.0.7-SNAPSHOT with classifier null to /tacocloud-data/target/classes
2022-08-25 14:52:50,145 [Worker-16: Launching tacocloud - TacoCloudApplication] INFO  o.e.m.c.i.p.WorkspaceClassifierResolverManager - Resolving P/tacocloud-domain: sia:tacocloud-domain:0.0.7-SNAPSHOT with classifier null to /tacocloud-domain/target/classes
2022-08-25 14:52:50,145 [Worker-16: Launching tacocloud - TacoCloudApplication] INFO  o.e.m.c.i.p.WorkspaceClassifierResolverManager - Resolving P/tacocloud-security: sia:tacocloud-security:0.0.7-SNAPSHOT with classifier null to /tacocloud-security/target/classes
2022-08-25 14:52:50,145 [Worker-16: Launching tacocloud - TacoCloudApplication] INFO  o.e.m.c.i.p.WorkspaceClassifierResolverManager - Resolving P/tacocloud-api: sia:tacocloud-api:0.0.7-SNAPSHOT with classifier null to /tacocloud-api/target/classes
2022-08-25 14:52:50,145 [Worker-16: Launching tacocloud - TacoCloudApplication] INFO  o.e.m.c.i.p.WorkspaceClassifierResolverManager - Resolving P/tacocloud-ui: sia:tacocloud-ui:0.0.7-SNAPSHOT with classifier null to /tacocloud-ui/target/classes
2022-08-25 14:52:50,232 [Worker-16: Launching tacocloud - TacoCloudApplication] INFO  o.e.m.c.i.p.WorkspaceClassifierResolverManager - Resolving P/tacocloud-data: sia:tacocloud-data:0.0.7-SNAPSHOT with classifier null to /tacocloud-data/target/classes
2022-08-25 14:52:50,232 [Worker-16: Launching tacocloud - TacoCloudApplication] INFO  o.e.m.c.i.p.WorkspaceClassifierResolverManager - Resolving P/tacocloud-domain: sia:tacocloud-domain:0.0.7-SNAPSHOT with classifier null to /tacocloud-domain/target/classes
2022-08-25 14:52:50,232 [Worker-16: Launching tacocloud - TacoCloudApplication] INFO  o.e.m.c.i.p.WorkspaceClassifierResolverManager - Resolving P/tacocloud-security: sia:tacocloud-security:0.0.7-SNAPSHOT with classifier null to /tacocloud-security/target/classes
2022-08-25 14:52:50,232 [Worker-16: Launching tacocloud - TacoCloudApplication] INFO  o.e.m.c.i.p.WorkspaceClassifierResolverManager - Resolving P/tacocloud-api: sia:tacocloud-api:0.0.7-SNAPSHOT with classifier null to /tacocloud-api/target/classes
2022-08-25 14:52:50,232 [Worker-16: Launching tacocloud - TacoCloudApplication] INFO  o.e.m.c.i.p.WorkspaceClassifierResolverManager - Resolving P/tacocloud-ui: sia:tacocloud-ui:0.0.7-SNAPSHOT with classifier null to /tacocloud-ui/target/classes
2022-08-25 14:52:50,327 [Worker-16: Launching tacocloud - TacoCloudApplication] INFO  o.e.m.c.i.p.WorkspaceClassifierResolverManager - Resolving P/tacocloud-data: sia:tacocloud-data:0.0.7-SNAPSHOT with classifier null to /tacocloud-data/target/classes
2022-08-25 14:52:50,327 [Worker-16: Launching tacocloud - TacoCloudApplication] INFO  o.e.m.c.i.p.WorkspaceClassifierResolverManager - Resolving P/tacocloud-domain: sia:tacocloud-domain:0.0.7-SNAPSHOT with classifier null to /tacocloud-domain/target/classes
2022-08-25 14:52:50,327 [Worker-16: Launching tacocloud - TacoCloudApplication] INFO  o.e.m.c.i.p.WorkspaceClassifierResolverManager - Resolving P/tacocloud-security: sia:tacocloud-security:0.0.7-SNAPSHOT with classifier null to /tacocloud-security/target/classes
2022-08-25 14:52:50,327 [Worker-16: Launching tacocloud - TacoCloudApplication] INFO  o.e.m.c.i.p.WorkspaceClassifierResolverManager - Resolving P/tacocloud-api: sia:tacocloud-api:0.0.7-SNAPSHOT with classifier null to /tacocloud-api/target/classes
2022-08-25 14:52:50,327 [Worker-16: Launching tacocloud - TacoCloudApplication] INFO  o.e.m.c.i.p.WorkspaceClassifierResolverManager - Resolving P/tacocloud-ui: sia:tacocloud-ui:0.0.7-SNAPSHOT with classifier null to /tacocloud-ui/target/classes
